0 info it worked if it ends with ok
1 verbose cli [ '/usr/local/bin/node',
1 verbose cli   '/usr/local/bin/npm',
1 verbose cli   '-g',
1 verbose cli   'install',
1 verbose cli   'supervisor' ]
2 info using npm@3.3.12
3 info using node@v5.3.0
4 silly loadCurrentTree Starting
5 silly install loadCurrentTree
6 silly install readGlobalPackageData
7 silly fetchPackageMetaData supervisor
8 silly fetchNamedPackageData supervisor
9 silly mapToRegistry name supervisor
10 silly mapToRegistry using default registry
11 silly mapToRegistry registry https://registry.npm.taobao.org/
12 silly mapToRegistry uri https://registry.npm.taobao.org/supervisor
13 verbose request uri https://registry.npm.taobao.org/supervisor
14 verbose request no auth needed
15 info attempt registry request try #1 at 13:40:07
16 verbose request id 4c4b13b84fe46458
17 verbose etag "115d1-/I25fKhPDGBE8WnBzxXSNg"
18 http request GET https://registry.npm.taobao.org/supervisor
19 http 304 https://registry.npm.taobao.org/supervisor
20 verbose headers { date: 'Sat, 18 Jun 2016 05:38:22 GMT',
20 verbose headers   connection: 'keep-alive',
20 verbose headers   etag: '"115d1-/I25fKhPDGBE8WnBzxXSNg"',
20 verbose headers   'x-readtime': '68' }
21 silly get cb [ 304,
21 silly get   { date: 'Sat, 18 Jun 2016 05:38:22 GMT',
21 silly get     connection: 'keep-alive',
21 silly get     etag: '"115d1-/I25fKhPDGBE8WnBzxXSNg"',
21 silly get     'x-readtime': '68' } ]
22 verbose etag https://registry.npm.taobao.org/supervisor from cache
23 verbose get saving supervisor to /Users/sn/.npm/registry.npm.taobao.org/supervisor/.cache.json
24 silly install normalizeTree
25 silly loadCurrentTree Finishing
26 silly loadIdealTree Starting
27 silly install loadIdealTree
28 silly cloneCurrentTree Starting
29 silly install cloneCurrentTreeToIdealTree
30 silly cloneCurrentTree Finishing
31 silly loadShrinkwrap Starting
32 silly install loadShrinkwrap
33 silly loadShrinkwrap Finishing
34 silly loadAllDepsIntoIdealTree Starting
35 silly install loadAllDepsIntoIdealTree
36 silly resolveWithNewModule supervisor@0.11.0 checking installable status
37 silly cache add args [ 'supervisor', null ]
38 verbose cache add spec supervisor
39 silly cache add parsed spec Result {
39 silly cache add   raw: 'supervisor',
39 silly cache add   scope: null,
39 silly cache add   name: 'supervisor',
39 silly cache add   rawSpec: '',
39 silly cache add   spec: '*',
39 silly cache add   type: 'range' }
40 silly addNamed supervisor@*
41 verbose addNamed "*" is a valid semver range for supervisor
42 silly addNameRange { name: 'supervisor', range: '*', hasData: false }
43 silly mapToRegistry name supervisor
44 silly mapToRegistry using default registry
45 silly mapToRegistry registry https://registry.npm.taobao.org/
46 silly mapToRegistry uri https://registry.npm.taobao.org/supervisor
47 verbose addNameRange registry:https://registry.npm.taobao.org/supervisor not in flight; fetching
48 verbose get https://registry.npm.taobao.org/supervisor not expired, no request
49 silly addNameRange number 2 { name: 'supervisor', range: '*', hasData: true }
50 silly addNameRange versions [ 'supervisor',
50 silly addNameRange   [ '0.11.0',
50 silly addNameRange     '0.10.0',
50 silly addNameRange     '0.9.1',
50 silly addNameRange     '0.9.0',
50 silly addNameRange     '0.8.0',
50 silly addNameRange     '0.7.1',
50 silly addNameRange     '0.7.0',
50 silly addNameRange     '0.6.0',
50 silly addNameRange     '0.5.7',
50 silly addNameRange     '0.5.6',
50 silly addNameRange     '0.5.5',
50 silly addNameRange     '0.5.4',
50 silly addNameRange     '0.5.3',
50 silly addNameRange     '0.5.2',
50 silly addNameRange     '0.5.1',
50 silly addNameRange     '0.5.0',
50 silly addNameRange     '0.4.1',
50 silly addNameRange     '0.4.0',
50 silly addNameRange     '0.3.6',
50 silly addNameRange     '0.3.5',
50 silly addNameRange     '0.3.4',
50 silly addNameRange     '0.3.3',
50 silly addNameRange     '0.3.2',
50 silly addNameRange     '0.3.1',
50 silly addNameRange     '0.3.0',
50 silly addNameRange     '0.2.0',
50 silly addNameRange     '0.1.3',
50 silly addNameRange     '0.1.2',
50 silly addNameRange     '0.1.1',
50 silly addNameRange     '0.0.5',
50 silly addNameRange     '0.0.6',
50 silly addNameRange     '0.1.0',
50 silly addNameRange     '0.0.4' ] ]
51 silly addNamed supervisor@0.11.0
52 verbose addNamed "0.11.0" is a plain semver version for supervisor
53 silly cache afterAdd supervisor@0.11.0
54 verbose afterAdd /Users/sn/.npm/supervisor/0.11.0/package/package.json not in flight; writing
55 verbose afterAdd /Users/sn/.npm/supervisor/0.11.0/package/package.json written
56 silly loadAllDepsIntoIdealTree Finishing
57 silly idealTree:prePrune lib
57 silly idealTree:prePrune └── supervisor@0.11.0
58 silly loadIdealTree Finishing
59 silly currentTree lib
60 silly idealTree lib
60 silly idealTree └── supervisor@0.11.0
61 silly generateActionsToTake Starting
62 silly install generateActionsToTake
63 warn checkPermissions Missing write access to /usr/local/lib/node_modules
64 silly rollbackFailedOptional Starting
65 silly rollbackFailedOptional Finishing
66 silly runTopLevelLifecycles Starting
67 silly runTopLevelLifecycles Finishing
68 silly install printInstalled
69 verbose stack Error: EACCES: permission denied, access '/usr/local/lib/node_modules'
69 verbose stack     at Error (native)
70 verbose cwd /Users/sn/jgg/project/node/node-work/app_static
71 error Darwin 14.5.0
72 error argv "/usr/local/bin/node" "/usr/local/bin/npm" "-g" "install" "supervisor"
73 error node v5.3.0
74 error npm  v3.3.12
75 error path /usr/local/lib/node_modules
76 error code EACCES
77 error errno -13
78 error syscall access
79 error Error: EACCES: permission denied, access '/usr/local/lib/node_modules'
79 error     at Error (native)
79 error  { [Error: EACCES: permission denied, access '/usr/local/lib/node_modules']
79 error   errno: -13,
79 error   code: 'EACCES',
79 error   syscall: 'access',
79 error   path: '/usr/local/lib/node_modules' }
80 error Please try running this command again as root/Administrator.
81 verbose exit [ -13, true ]
